Thu May 13 10:54:26 2021       
+-----------------------------------------------------------------------------+
| NVIDIA-SMI 460.73.01    Driver Version: 460.73.01    CUDA Version: 11.2     |
|-------------------------------+----------------------+----------------------+
| GPU  Name        Persistence-M| Bus-Id        Disp.A | Volatile Uncorr. ECC |
| Fan  Temp  Perf  Pwr:Usage/Cap|         Memory-Usage | GPU-Util  Compute M. |
|                               |                      |               MIG M. |
|===============================+======================+======================|
|   0  Tesla V100-SXM2...  Off  | 00000000:1C:00.0 Off |                    0 |
| N/A   32C    P0    39W / 300W |      0MiB / 16160MiB |      0%      Default |
|                               |                      |                  N/A |
+-------------------------------+----------------------+----------------------+
                                                                               
+-----------------------------------------------------------------------------+
| Processes:                                                                  |
|  GPU   GI   CI        PID   Type   Process name                  GPU Memory |
|        ID   ID                                                   Usage      |
|=============================================================================|
|  No running processes found                                                 |
+-----------------------------------------------------------------------------+
Archive:  /home/mosymosy/scratch/CD-FSL_Datasets/miniImagenet.zip
   
ChestX
5-way 1-shot
Using Split:  ../datasets/split_seed_1/ChestX_labeled_80.csv
Loading Model:  ../student_STARTUP/miniImageNet_source_no_taskx/ChestX_unlabeled_20/checkpoint_best.pkl
Model checkpointed at epoch:  210

0it [00:00, ?it/s]
1it [00:03,  3.03s/it]
2it [00:03,  1.33s/it]
3it [00:03,  1.27it/s]
...
598it [01:23,  7.94it/s]
599it [01:23,  7.94it/s]
600it [01:23,  7.96it/s]
600it [01:23,  7.16it/s]Test Acc (100 episodes) = 22.35% +- 0.98%
Test Acc (200 episodes) = 23.17% +- 0.76%
Test Acc (300 episodes) = 23.35% +- 0.63%
Test Acc (400 episodes) = 23.21% +- 0.56%
Test Acc (500 episodes) = 23.17% +- 0.50%
Test Acc (600 episodes) = 23.05% +- 0.45%
600 Test Acc = 23.05% +- 0.45%
5-way 5-shot
Using Split:  ../datasets/split_seed_1/ChestX_labeled_80.csv
Loading Model:  ../student_STARTUP/miniImageNet_source_no_taskx/ChestX_unlabeled_20/checkpoint_best.pkl
Model checkpointed at epoch:  210


0it [00:00, ?it/s]
1it [00:02,  2.77s/it]
2it [00:03,  1.37s/it]
3it [00:03,  1.08it/s]
...
599it [03:40,  2.85it/s]
600it [03:41,  2.88it/s]
600it [03:41,  2.71it/s]
Test Acc (100 episodes) = 27.91% +- 1.04%
Test Acc (200 episodes) = 27.45% +- 0.76%
Test Acc (300 episodes) = 27.37% +- 0.61%
Test Acc (400 episodes) = 27.41% +- 0.54%
Test Acc (500 episodes) = 27.46% +- 0.48%
Test Acc (600 episodes) = 27.46% +- 0.44%
600 Test Acc = 27.46% +- 0.44%
        Mean      95CI
1  23.048889  0.448228
5  27.460000  0.440442
ISIC
5-way 1-shot
Using Split:  ../datasets/split_seed_1/ISIC_labeled_80.csv
Loading Model:  ../student_STARTUP/miniImageNet_source_no_taskx/ISIC_unlabeled_20/checkpoint_best.pkl
Model checkpointed at epoch:  34

0it [00:00, ?it/s]
1it [00:01,  1.17s/it]
2it [00:01,  1.52it/s]
3it [00:01,  2.16it/s]
...
598it [01:25,  8.10it/s]
599it [01:25,  8.14it/s]
600it [01:25,  8.06it/s]
600it [01:25,  7.01it/s]Test Acc (100 episodes) = 34.49% +- 1.58%
Test Acc (200 episodes) = 34.27% +- 1.03%
Test Acc (300 episodes) = 34.46% +- 0.83%
Test Acc (400 episodes) = 34.50% +- 0.72%
Test Acc (500 episodes) = 34.23% +- 0.65%
Test Acc (600 episodes) = 34.23% +- 0.59%
600 Test Acc = 34.23% +- 0.59%
5-way 5-shot
Using Split:  ../datasets/split_seed_1/ISIC_labeled_80.csv
Loading Model:  ../student_STARTUP/miniImageNet_source_no_taskx/ISIC_unlabeled_20/checkpoint_best.pkl
Model checkpointed at epoch:  34


0it [00:00, ?it/s]
1it [00:01,  1.95s/it]
2it [00:02,  1.20s/it]
3it [00:02,  1.23it/s]
...
598it [03:33,  2.89it/s]
599it [03:34,  2.84it/s]
600it [03:34,  2.81it/s]
600it [03:34,  2.79it/s]
Test Acc (100 episodes) = 49.93% +- 1.49%
Test Acc (200 episodes) = 49.70% +- 1.04%
Test Acc (300 episodes) = 48.79% +- 0.87%
Test Acc (400 episodes) = 48.65% +- 0.75%
Test Acc (500 episodes) = 48.23% +- 0.66%
Test Acc (600 episodes) = 48.20% +- 0.60%
600 Test Acc = 48.20% +- 0.60%
        Mean     95CI
1  34.226667  0.59254
5  48.195556  0.59756
EuroSAT
5-way 1-shot
Using Split:  ../datasets/split_seed_1/EuroSAT_labeled_80.csv
Loading Model:  ../student_STARTUP/miniImageNet_source_no_taskx/EuroSAT_unlabeled_20/checkpoint_best.pkl
Model checkpointed at epoch:  114

0it [00:00, ?it/s]
1it [00:00,  1.38it/s]
2it [00:01,  2.17it/s]
3it [00:01,  2.82it/s]
...
598it [01:22,  7.66it/s]
599it [01:22,  7.64it/s]
600it [01:22,  7.59it/s]
600it [01:22,  7.29it/s]Test Acc (100 episodes) = 61.49% +- 2.13%
Test Acc (200 episodes) = 61.85% +- 1.48%
Test Acc (300 episodes) = 61.83% +- 1.19%
Test Acc (400 episodes) = 61.19% +- 1.02%
Test Acc (500 episodes) = 61.43% +- 0.91%
Test Acc (600 episodes) = 61.53% +- 0.85%
600 Test Acc = 61.53% +- 0.85%
5-way 5-shot
Using Split:  ../datasets/split_seed_1/EuroSAT_labeled_80.csv
Loading Model:  ../student_STARTUP/miniImageNet_source_no_taskx/EuroSAT_unlabeled_20/checkpoint_best.pkl
Model checkpointed at epoch:  114


0it [00:00, ?it/s]
1it [00:01,  1.52s/it]
2it [00:02,  1.02it/s]
3it [00:02,  1.43it/s]
...
599it [03:42,  2.91it/s]
600it [03:43,  2.84it/s]
600it [03:43,  2.69it/s]
Test Acc (100 episodes) = 81.72% +- 1.46%
Test Acc (200 episodes) = 81.60% +- 1.02%
Test Acc (300 episodes) = 81.23% +- 0.86%
Test Acc (400 episodes) = 81.26% +- 0.74%
Test Acc (500 episodes) = 81.42% +- 0.66%
Test Acc (600 episodes) = 81.16% +- 0.63%
600 Test Acc = 81.16% +- 0.63%
        Mean      95CI
1  61.533333  0.845711
5  81.160000  0.634885
CropDisease
5-way 1-shot
Using Split:  ../datasets/split_seed_1/CropDisease_labeled_80.csv
Loading Model:  ../student_STARTUP/miniImageNet_source_no_taskx/CropDisease_unlabeled_20/checkpoint_best.pkl
Model checkpointed at epoch:  366

0it [00:00, ?it/s]
1it [00:00,  1.20it/s]
2it [00:01,  1.97it/s]
3it [00:01,  2.58it/s]
...
598it [01:20,  8.13it/s]
599it [01:20,  8.10it/s]
600it [01:20,  8.08it/s]
600it [01:20,  7.42it/s]Test Acc (100 episodes) = 74.95% +- 1.95%
Test Acc (200 episodes) = 74.44% +- 1.48%
Test Acc (300 episodes) = 74.54% +- 1.23%
Test Acc (400 episodes) = 74.69% +- 1.06%
Test Acc (500 episodes) = 75.03% +- 0.95%
Test Acc (600 episodes) = 75.01% +- 0.86%
600 Test Acc = 75.01% +- 0.86%
5-way 5-shot
Using Split:  ../datasets/split_seed_1/CropDisease_labeled_80.csv
Loading Model:  ../student_STARTUP/miniImageNet_source_no_taskx/CropDisease_unlabeled_20/checkpoint_best.pkl
Model checkpointed at epoch:  366


0it [00:00, ?it/s]
1it [00:01,  1.20s/it]
2it [00:01,  1.05it/s]
3it [00:02,  1.44it/s]
...
599it [03:41,  2.72it/s]
600it [03:41,  2.76it/s]
600it [03:41,  2.71it/s]
Test Acc (100 episodes) = 92.80% +- 1.15%
Test Acc (200 episodes) = 92.72% +- 0.82%
Test Acc (300 episodes) = 92.96% +- 0.64%
Test Acc (400 episodes) = 92.76% +- 0.55%
Test Acc (500 episodes) = 92.84% +- 0.48%
Test Acc (600 episodes) = 92.84% +- 0.44%
600 Test Acc = 92.84% +- 0.44%
        Mean      95CI
1  75.011111  0.864999
5  92.835556  0.438621
