Wed May 12 12:44:37 2021       
+-----------------------------------------------------------------------------+
| NVIDIA-SMI 460.73.01    Driver Version: 460.73.01    CUDA Version: 11.2     |
|-------------------------------+----------------------+----------------------+
| GPU  Name        Persistence-M| Bus-Id        Disp.A | Volatile Uncorr. ECC |
| Fan  Temp  Perf  Pwr:Usage/Cap|         Memory-Usage | GPU-Util  Compute M. |
|                               |                      |               MIG M. |
|===============================+======================+======================|
|   0  Tesla V100-SXM2...  Off  | 00000000:1A:00.0 Off |                    0 |
| N/A   36C    P0    63W / 300W |      0MiB / 16160MiB |      0%      Default |
|                               |                      |                  N/A |
+-------------------------------+----------------------+----------------------+
                                                                               
+-----------------------------------------------------------------------------+
| Processes:                                                                  |
|  GPU   GI   CI        PID   Type   Process name                  GPU Memory |
|        ID   ID                                                   Usage      |
|=============================================================================|
|  No running processes found                                                 |
+-----------------------------------------------------------------------------+
Archive:  /home/mosymosy/scratch/CD-FSL_Datasets/miniImagenet.zip
   creating: miniImagenet/
   creating: miniImagenet/n02795169/
    
ChestX
5-way 1-shot
Using Split:  ../datasets/split_seed_1/ChestX_labeled_80.csv
Loading Model:  ../student_STARTUP/miniImageNet_source/ChestX_unlabeled_20/checkpoint_best.pkl
Model checkpointed at epoch:  247

0it [00:00, ?it/s]
1it [00:02,  2.54s/it]
2it [00:02,  1.12s/it]
3it [00:02,  1.50it/s]
...
596it [01:21,  8.08it/s]
597it [01:21,  8.07it/s]
598it [01:21,  8.08it/s]
599it [01:22,  8.18it/s]
600it [01:22,  8.20it/s]
600it [01:22,  7.29it/s]Test Acc (100 episodes) = 22.32% +- 0.97%
Test Acc (200 episodes) = 22.98% +- 0.74%
Test Acc (300 episodes) = 23.32% +- 0.61%
Test Acc (400 episodes) = 23.21% +- 0.54%
Test Acc (500 episodes) = 23.15% +- 0.48%
Test Acc (600 episodes) = 22.99% +- 0.43%
600 Test Acc = 22.99% +- 0.43%
5-way 5-shot
Using Split:  ../datasets/split_seed_1/ChestX_labeled_80.csv
Loading Model:  ../student_STARTUP/miniImageNet_source/ChestX_unlabeled_20/checkpoint_best.pkl
Model checkpointed at epoch:  247


0it [00:00, ?it/s]
1it [00:02,  2.65s/it]
2it [00:03,  1.31s/it]
3it [00:03,  1.14it/s]
...
598it [03:29,  3.18it/s]
599it [03:30,  3.17it/s]
600it [03:30,  3.18it/s]
600it [03:30,  2.85it/s]
Test Acc (100 episodes) = 27.80% +- 1.11%
Test Acc (200 episodes) = 27.35% +- 0.79%
Test Acc (300 episodes) = 27.30% +- 0.62%
Test Acc (400 episodes) = 27.33% +- 0.55%
Test Acc (500 episodes) = 27.32% +- 0.48%
Test Acc (600 episodes) = 27.35% +- 0.44%
600 Test Acc = 27.35% +- 0.44%
        Mean      95CI
1  22.988889  0.433339
5  27.351111  0.437831
ISIC
5-way 1-shot
Using Split:  ../datasets/split_seed_1/ISIC_labeled_80.csv
Loading Model:  ../student_STARTUP/miniImageNet_source/ISIC_unlabeled_20/checkpoint_best.pkl
Model checkpointed at epoch:  28

0it [00:00, ?it/s]
1it [00:01,  1.24s/it]
2it [00:01,  1.48it/s]
3it [00:01,  2.11it/s]
...
598it [01:20,  8.46it/s]
599it [01:20,  8.50it/s]
600it [01:20,  8.52it/s]
600it [01:20,  7.41it/s]Test Acc (100 episodes) = 34.65% +- 1.60%
Test Acc (200 episodes) = 35.08% +- 1.06%
Test Acc (300 episodes) = 35.08% +- 0.86%
Test Acc (400 episodes) = 35.01% +- 0.78%
Test Acc (500 episodes) = 34.60% +- 0.70%
Test Acc (600 episodes) = 34.74% +- 0.64%
600 Test Acc = 34.74% +- 0.64%
5-way 5-shot
Using Split:  ../datasets/split_seed_1/ISIC_labeled_80.csv
Loading Model:  ../student_STARTUP/miniImageNet_source/ISIC_unlabeled_20/checkpoint_best.pkl
Model checkpointed at epoch:  28


0it [00:00, ?it/s]
1it [00:02,  2.76s/it]
2it [00:03,  1.42s/it]
3it [00:03,  1.08it/s]
...
598it [03:36,  3.15it/s]
599it [03:36,  3.16it/s]
600it [03:36,  3.16it/s]
600it [03:36,  2.77it/s]
Test Acc (100 episodes) = 49.96% +- 1.56%
Test Acc (200 episodes) = 50.00% +- 1.06%
Test Acc (300 episodes) = 49.36% +- 0.88%
Test Acc (400 episodes) = 49.16% +- 0.76%
Test Acc (500 episodes) = 48.85% +- 0.68%
Test Acc (600 episodes) = 48.75% +- 0.61%
600 Test Acc = 48.75% +- 0.61%
        Mean      95CI
1  34.737778  0.636774
5  48.753333  0.606812
EuroSAT
5-way 1-shot
Using Split:  ../datasets/split_seed_1/EuroSAT_labeled_80.csv
Loading Model:  ../student_STARTUP/miniImageNet_source/EuroSAT_unlabeled_20/checkpoint_best.pkl
Model checkpointed at epoch:  114

0it [00:00, ?it/s]
1it [00:00,  1.35it/s]
2it [00:01,  2.12it/s]
3it [00:01,  2.71it/s]
...
598it [01:19,  8.20it/s]
599it [01:20,  8.27it/s]
600it [01:20,  8.38it/s]
600it [01:20,  7.47it/s]Test Acc (100 episodes) = 61.03% +- 2.12%
Test Acc (200 episodes) = 61.55% +- 1.47%
Test Acc (300 episodes) = 61.58% +- 1.19%
Test Acc (400 episodes) = 60.95% +- 1.02%
Test Acc (500 episodes) = 61.19% +- 0.90%
Test Acc (600 episodes) = 61.28% +- 0.84%
600 Test Acc = 61.28% +- 0.84%
5-way 5-shot
Using Split:  ../datasets/split_seed_1/EuroSAT_labeled_80.csv
Loading Model:  ../student_STARTUP/miniImageNet_source/EuroSAT_unlabeled_20/checkpoint_best.pkl
Model checkpointed at epoch:  114


0it [00:00, ?it/s]
1it [00:01,  1.27s/it]
2it [00:02,  1.01s/it]
3it [00:02,  1.29it/s]
...
599it [03:29,  3.09it/s]
600it [03:29,  3.08it/s]
600it [03:29,  2.86it/s]
Test Acc (100 episodes) = 81.91% +- 1.45%
Test Acc (200 episodes) = 81.68% +- 1.02%
Test Acc (300 episodes) = 81.22% +- 0.85%
Test Acc (400 episodes) = 81.21% +- 0.73%
Test Acc (500 episodes) = 81.40% +- 0.65%
Test Acc (600 episodes) = 81.14% +- 0.63%
600 Test Acc = 81.14% +- 0.63%
        Mean      95CI
1  61.275556  0.837905
5  81.137778  0.626801
CropDisease
5-way 1-shot
Using Split:  ../datasets/split_seed_1/CropDisease_labeled_80.csv
Loading Model:  ../student_STARTUP/miniImageNet_source/CropDisease_unlabeled_20/checkpoint_best.pkl
Model checkpointed at epoch:  366

0it [00:00, ?it/s]
1it [00:00,  1.37it/s]
2it [00:01,  2.03it/s]
3it [00:01,  2.68it/s]
...
598it [01:20,  8.61it/s]
599it [01:20,  8.63it/s]
600it [01:20,  8.63it/s]
600it [01:20,  7.46it/s]Test Acc (100 episodes) = 74.49% +- 2.00%
Test Acc (200 episodes) = 73.91% +- 1.48%
Test Acc (300 episodes) = 74.00% +- 1.24%
Test Acc (400 episodes) = 74.24% +- 1.07%
Test Acc (500 episodes) = 74.56% +- 0.96%
Test Acc (600 episodes) = 74.60% +- 0.88%
600 Test Acc = 74.60% +- 0.88%
5-way 5-shot
Using Split:  ../datasets/split_seed_1/CropDisease_labeled_80.csv
Loading Model:  ../student_STARTUP/miniImageNet_source/CropDisease_unlabeled_20/checkpoint_best.pkl
Model checkpointed at epoch:  366


0it [00:00, ?it/s]
1it [00:01,  1.59s/it]
2it [00:02,  1.14s/it]
3it [00:02,  1.27it/s]
...
598it [03:33,  3.05it/s]
599it [03:33,  3.05it/s]
600it [03:33,  3.07it/s]
600it [03:33,  2.81it/s]
Test Acc (100 episodes) = 92.61% +- 1.17%
Test Acc (200 episodes) = 92.56% +- 0.83%
Test Acc (300 episodes) = 92.84% +- 0.64%
Test Acc (400 episodes) = 92.65% +- 0.55%
Test Acc (500 episodes) = 92.77% +- 0.48%
Test Acc (600 episodes) = 92.77% +- 0.44%
600 Test Acc = 92.77% +- 0.44%
        Mean      95CI
1  74.600000  0.878834
5  92.773333  0.440433
